<?xml version="1.0" encoding="UTF-8"?>
<!-- Generated by org.testng.reporters.JUnitXMLReporter -->
<testsuite hostname="Aashu-PC" ignored="0" name="TC_Login_001" tests="8" failures="7" timestamp="17 Jul 2020 15:22:49 GMT" time="97.946" errors="0">
  <testcase name="login" time="8.063" classname="com.jcp.testcases.TC_Login_001">
    <failure type="java.lang.AssertionError" message="expected [true] but found [false]">
      <![CDATA[java.lang.AssertionError: expected [true] but found [false]
at com.jcp.testcases.TC_Login_001.login(TC_Login_001.java:53)
... Removed 33 stack frames]]>
    </failure>
  </testcase> <!-- login -->
  <testcase name="loginDDT" time="10.814" classname="com.jcp.testcases.TC_Login_DDT"/>
  <testcase name="loginDDT" time="15.941" classname="com.jcp.testcases.TC_Login_DDT">
    <failure type="java.lang.AssertionError" message="Login credentials are not valid">
      <![CDATA[java.lang.AssertionError: Login credentials are not valid
at com.jcp.testcases.TC_Login_DDT.loginDDT(TC_Login_DDT.java:74)
... Removed 30 stack frames]]>
    </failure>
  </testcase> <!-- loginDDT -->
  <testcase name="loginDDT" time="9.68" classname="com.jcp.testcases.TC_Login_DDT">
    <failure type="java.lang.AssertionError" message="Login credentials are not valid">
      <![CDATA[java.lang.AssertionError: Login credentials are not valid
at com.jcp.testcases.TC_Login_DDT.loginDDT(TC_Login_DDT.java:74)
... Removed 30 stack frames]]>
    </failure>
  </testcase> <!-- loginDDT -->
  <testcase name="loginDDT" time="9.277" classname="com.jcp.testcases.TC_Login_DDT">
    <failure type="java.lang.AssertionError" message="Login credentials are not valid">
      <![CDATA[java.lang.AssertionError: Login credentials are not valid
at com.jcp.testcases.TC_Login_DDT.loginDDT(TC_Login_DDT.java:74)
... Removed 30 stack frames]]>
    </failure>
  </testcase> <!-- loginDDT -->
  <testcase name="loginDDT" time="9.518" classname="com.jcp.testcases.TC_Login_DDT">
    <failure type="java.lang.AssertionError" message="Login credentials are not valid">
      <![CDATA[java.lang.AssertionError: Login credentials are not valid
at com.jcp.testcases.TC_Login_DDT.loginDDT(TC_Login_DDT.java:74)
... Removed 30 stack frames]]>
    </failure>
  </testcase> <!-- loginDDT -->
  <testcase name="loginDDT" time="9.35" classname="com.jcp.testcases.TC_Login_DDT">
    <failure type="java.lang.AssertionError" message="Login credentials are not valid">
      <![CDATA[java.lang.AssertionError: Login credentials are not valid
at com.jcp.testcases.TC_Login_DDT.loginDDT(TC_Login_DDT.java:74)
... Removed 30 stack frames]]>
    </failure>
  </testcase> <!-- loginDDT -->
  <testcase name="loginDDT" time="8.755" classname="com.jcp.testcases.TC_Login_DDT">
    <failure type="java.lang.AssertionError" message="Login credentials are not valid">
      <![CDATA[java.lang.AssertionError: Login credentials are not valid
at com.jcp.testcases.TC_Login_DDT.loginDDT(TC_Login_DDT.java:74)
... Removed 30 stack frames]]>
    </failure>
  </testcase> <!-- loginDDT -->
</testsuite> <!-- TC_Login_001 -->
